<?xml version="1.0" encoding="UTF-8"?>
<testsuite xmlns:xsi="http://www.w3.org/2001/XMLSchema-instance" xsi:noNamespaceSchemaLocation="https://maven.apache.org/surefire/maven-surefire-plugin/xsd/surefire-test-report-3.0.xsd" version="3.0" name="com.example.accessingdatajpa.CustomerRepositoryTests" time="7.262" tests="1" errors="0" skipped="0" failures="0">
  <properties>
[...]
</properties>
  <testcase name="testFindByLastName" classname="com.example.accessingdatajpa.CustomerRepositoryTests" time="0.865">
    <system-out><![CDATA[19:20:11.089 [main] INFO org.springframework.test.context.support.AnnotationConfigContextLoaderUtils -- Could not detect default configuration classes for test class [com.example.accessingdatajpa.CustomerRepositoryTests]: CustomerRepositoryTests does not declare any static, non-private, non-final, nested classes annotated with @Configuration.
19:20:11.444 [main] INFO org.springframework.boot.test.context.SpringBootTestContextBootstrapper -- Found @SpringBootConfiguration com.example.accessingdatajpa.AccessingDataJpaApplication for test class com.example.accessingdatajpa.CustomerRepositoryTests
  .   ____          _            __ _ _
 /\\ / ___'_ __ _ _(_)_ __  __ _ \ \ \ \
( ( )\___ | '_ | '_| | '_ \/ _` | \ \ \ \
 \\/  ___)| |_)| | | | | || (_| |  ) ) ) )
  '  |____| .__|_| |_|_| |_\__, | / / / /
 =========|_|==============|___/=/_/_/_/

 :: Spring Boot ::                (v3.3.0)

2024-09-24T19:20:12.082-05:00  INFO 3052 --- [           main] c.e.a.CustomerRepositoryTests            : Starting CustomerRepositoryTests using Java 17.0.9 with PID 3052 (started by Netec in C:\Users\Netec\Documents\NetBeansProjects\gs-accessing-data-jpa\complete)
2024-09-24T19:20:12.085-05:00  INFO 3052 --- [           main] c.e.a.CustomerRepositoryTests            : No active profile set, falling back to 1 default profile: "default"
2024-09-24T19:20:12.586-05:00  INFO 3052 --- [           main] .s.d.r.c.RepositoryConfigurationDelegate : Bootstrapping Spring Data JPA repositories in DEFAULT mode.
2024-09-24T19:20:12.665-05:00  INFO 3052 --- [           main] .s.d.r.c.RepositoryConfigurationDelegate : Finished Spring Data repository scanning in 69 ms. Found 1 JPA repository interface.
2024-09-24T19:20:12.770-05:00  INFO 3052 --- [           main] beddedDataSourceBeanFactoryPostProcessor : Replacing 'dataSource' DataSource bean with embedded version
2024-09-24T19:20:13.201-05:00  INFO 3052 --- [           main] o.s.j.d.e.EmbeddedDatabaseFactory        : Starting embedded database: url='jdbc:h2:mem:f226aa37-e04b-46d0-ad60-5ebdcc75d104;DB_CLOSE_DELAY=-1;DB_CLOSE_ON_EXIT=false', username='sa'
2024-09-24T19:20:13.748-05:00  INFO 3052 --- [           main] o.hibernate.jpa.internal.util.LogHelper  : HHH000204: Processing PersistenceUnitInfo [name: default]
2024-09-24T19:20:13.859-05:00  INFO 3052 --- [           main] org.hibernate.Version                    : HHH000412: Hibernate ORM core version 6.5.2.Final
2024-09-24T19:20:13.933-05:00  INFO 3052 --- [           main] o.h.c.internal.RegionFactoryInitiator    : HHH000026: Second-level cache disabled
2024-09-24T19:20:14.433-05:00  INFO 3052 --- [           main] o.s.o.j.p.SpringPersistenceUnitInfo      : No LoadTimeWeaver setup: ignoring JPA class transformer
2024-09-24T19:20:15.866-05:00  INFO 3052 --- [           main] o.h.e.t.j.p.i.JtaPlatformInitiator       : HHH000489: No JTA platform available (set 'hibernate.transaction.jta.platform' to enable JTA platform integration)
Hibernate: drop table if exists customer cascade 
Hibernate: drop sequence if exists customer_seq
Hibernate: create sequence customer_seq start with 1 increment by 50
Hibernate: create table customer (id bigint not null, first_name varchar(255), last_name varchar(255), primary key (id))
2024-09-24T19:20:15.948-05:00  INFO 3052 --- [           main] j.LocalContainerEntityManagerFactoryBean : Initialized JPA EntityManagerFactory for persistence unit 'default'
2024-09-24T19:20:16.611-05:00  INFO 3052 --- [           main] c.e.a.CustomerRepositoryTests            : Started CustomerRepositoryTests in 5.015 seconds (process running for 6.713)
Hibernate: select next value for customer_seq
Hibernate: insert into customer (first_name,last_name,id) values (?,?,?)
Hibernate: select next value for customer_seq
Hibernate: insert into customer (first_name,last_name,id) values (?,?,?)
Hibernate: insert into customer (first_name,last_name,id) values (?,?,?)
Hibernate: insert into customer (first_name,last_name,id) values (?,?,?)
Hibernate: insert into customer (first_name,last_name,id) values (?,?,?)
2024-09-24T19:20:16.790-05:00  INFO 3052 --- [           main] c.e.a.AccessingDataJpaApplication        : Customers found with findAll():
2024-09-24T19:20:16.790-05:00  INFO 3052 --- [           main] c.e.a.AccessingDataJpaApplication        : -------------------------------
Hibernate: select c1_0.id,c1_0.first_name,c1_0.last_name from customer c1_0
2024-09-24T19:20:16.984-05:00  INFO 3052 --- [           main] c.e.a.AccessingDataJpaApplication        : Customer[id=1, firstName='Jack', lastName='Bauer']
2024-09-24T19:20:16.985-05:00  INFO 3052 --- [           main] c.e.a.AccessingDataJpaApplication        : Customer[id=2, firstName='Chloe', lastName='O'Brian']
2024-09-24T19:20:16.986-05:00  INFO 3052 --- [           main] c.e.a.AccessingDataJpaApplication        : Customer[id=3, firstName='Kim', lastName='Bauer']
2024-09-24T19:20:16.986-05:00  INFO 3052 --- [           main] c.e.a.AccessingDataJpaApplication        : Customer[id=4, firstName='David', lastName='Palmer']
2024-09-24T19:20:16.987-05:00  INFO 3052 --- [           main] c.e.a.AccessingDataJpaApplication        : Customer[id=5, firstName='Michelle', lastName='Dessler']
2024-09-24T19:20:16.987-05:00  INFO 3052 --- [           main] c.e.a.AccessingDataJpaApplication        : 
Hibernate: select c1_0.id,c1_0.first_name,c1_0.last_name from customer c1_0 where c1_0.id=?
2024-09-24T19:20:16.997-05:00  INFO 3052 --- [           main] c.e.a.AccessingDataJpaApplication        : Customer found with findById(1L):
2024-09-24T19:20:16.997-05:00  INFO 3052 --- [           main] c.e.a.AccessingDataJpaApplication        : --------------------------------
2024-09-24T19:20:16.997-05:00  INFO 3052 --- [           main] c.e.a.AccessingDataJpaApplication        : Customer[id=1, firstName='Jack', lastName='Bauer']
2024-09-24T19:20:16.997-05:00  INFO 3052 --- [           main] c.e.a.AccessingDataJpaApplication        : 
2024-09-24T19:20:16.997-05:00  INFO 3052 --- [           main] c.e.a.AccessingDataJpaApplication        : Customer found with findByLastName('Bauer'):
2024-09-24T19:20:16.997-05:00  INFO 3052 --- [           main] c.e.a.AccessingDataJpaApplication        : --------------------------------------------
Hibernate: select c1_0.id,c1_0.first_name,c1_0.last_name from customer c1_0 where c1_0.last_name=?
2024-09-24T19:20:17.087-05:00  INFO 3052 --- [           main] c.e.a.AccessingDataJpaApplication        : Customer[id=1, firstName='Jack', lastName='Bauer']
2024-09-24T19:20:17.088-05:00  INFO 3052 --- [           main] c.e.a.AccessingDataJpaApplication        : Customer[id=3, firstName='Kim', lastName='Bauer']
2024-09-24T19:20:17.090-05:00  INFO 3052 --- [           main] c.e.a.AccessingDataJpaApplication        : 
Hibernate: insert into customer (first_name,last_name,id) values (?,?,?)
Hibernate: select c1_0.id,c1_0.first_name,c1_0.last_name from customer c1_0 where c1_0.last_name=?
]]></system-out>
  </testcase>
</testsuite>